HMQCARLYMVRXK5DBMJWGKIDOMFWWKIB2EBRGC43FGMZGK3TDBI5SAICDOJSWC5DFMQQGIYLUMUQC
AIBAHIQDANZOGEYS4MRQGE4AUOZAEBAXK5DIN5ZCAIBAEAQCAIBAEAQDUICKMFXGSY3LEBJXI5LD
NNUQUOZAEBCGK43DOJUXA5DJN5XCAIBAEAQDUICFNZRW6ZDFOMQHIZLYOQQHI3ZAMJQXGZJTGIWC
A3LBNNSXGIDOMV3WY2LOMUQGK5TFOJ4SANZWORUCAY3IMFZGCY3UMVZAUOYKKNCUGVCJJ5HCALTC
ONZQSCIJHMQFGZLDORUW63RAN5TCA5LONFXGS5DJMFWGS43FMQQGIYLUMEFASQSVIZDEYRKOBFSX
C5JAGUEQSOZAOJSWCZBAORUGKIDJNZYHK5BAGUQGE6LUMVZQUCKCOVTGMORAOJSXGYRAIJKUMRSM
IVHASOZAKRSXQ5BAMJ2WMZTFOIFASOZAGUQGE2LUOMQGM4TPNUQGS3TQOV2CA2LTEB2GQZJAN5TG
M43FOQQGS3RAMRQXIYJAMZXXEIDCMFZWKMZSBIEVERKTJRCU4IDFOF2SAOAKBFJGK43VNR2DUIDS
MVZWEICSIVJUYRKOBIEVERKTJRCU4OJAMVYXKIBZBEETWIBZEBRHS5DFOMQG4ZLFMRSWIIDGN5ZC
A5DIMUFASUTFOM4TUIDSMVZWEICSIVJUYRKOHEETWIDOMV3WY2LOMUQGGYLTMUQG63RAMVQWG2BA
G43HI2BAMNUGC4TBMN2GK4QKBEFFGRKDKREU6TRAFZSGC5DBBEEQSOZAKNSWG5DJN5XCA33GEBUW
42LUNFQWY2LTMVSCAZDBORQQUCKUMFRGYZJ2EBSGEIBCIFBEGRCFIZDUQSKKJNGE2TSPKBIVEU2U
KVLFOWCZLIZDGNBVGY3T2IQKBFKECQSMIVGEKTRAMVYXKIBEFVKGCYTMMUFASCSTIVBVISKPJYQC
45DFPB2ASCJ3EBJWKY3UNFXW4IDPMYQGG33EMUFASCSHJRHUEQKMEAEV643UMFZHICIJHMQFG5DB
OJ2CA4DPNFXHIIDGN5ZCA3DJNZVWK4QKBEFF643UMFZHIOQKBFXG64AJBE5SAVDINFZSA3TPFVXX
AIDLMVSXA4ZAM5SGEIDIMFYHA6JOFYXAUCIKHMQGG33VNZ2GK4RAMZXXEIDOMV3WY2LOMUQGKYLD
NAQDONTUNAQGG2DBOJQWG5DFOIFAS6DPOIQHEOJMOI4QSOZANZSXO3DJNZSSAY3POVXHIZLSBIEX
Q33SEBZDCMBMOIYTACJ3EB2XGZLEEBTG64RAMVUXI2DFOIQDQIDPOIQDSIDSMVZXK3DUEBRHS5DF
OMFAUOZAKJSWCZBAMEQGE5LGMZSXEIDGOJXW2IDTORSGS3R2BJJGKYLEHIFAS3LPOYQHEYLYFRBH
KZTGBEETWICPMZTHGZLUEBXWMICCOVTGMZLSEB2G6IDFMF4AUCLNN53CA4TCPAWEEVKGIZGEKTQJ
BE5SATTVNVRGK4RAN5TCAYTZORSXGIDUN4QHEZLBMQQHI3ZAMVRHQCQJMNQWY3BAKJSWCZCCOVTG
MCIJHMQEGYLMNQQFEZLBMRBHKZTGBIEW233WEBZGE4BMOJQXQCIJHMQFGYLWMUQCGIDPMYQGE6LU
MVZSA4TFMFSCAZTSN5WSAZTJNRSSAZTPOIQGYYLUMVZAUCLDNVYCA4TBPAWDACIJHMQESZRAMVQX
QPJQFQQHG6LTL5ZGKYLEEBZGKYLDNBSWIICFJ5DCA33OEBZXIZDJNYEQUCLKMUQEI33OMUEQSCJ3
EBFHK3LQEBEWMICFOF2WC3BAFB2G6IBQFQQGM4TPNUQGG33NOBQXEZJJBIEQUOZAI5SXIIBVEBRH
S5DFOMQGC3TEEB2HEYLOONWGC5DFEBTHE33NEBKGCYTMMUFAS6DPOIQHE43JFRZHG2IJHMQGG3DF
MFZCA3LVNR2GS4DMMUQHEZLHNFZXIZLSOMWCA4TTNEQGM33SEBZW65LSMNSSA2LOMRSXQIDPMZTH
GZLUBIEXQ33SEBZGI2JMOJSGSCJ3EBSGK43UNFXGC5DJN5XCA2LOMRSXQIDPMZTHGZLUBIEXQ33S
EBZGC6BMOJQXQCJ3EB3W64TLNFXGOIDSMVTWS43UMVZAUCLYN5ZCA4TDPAWHEY3YBE5SA43INFTH
I2LOM4QG45LNMJSXEIDUN4QGOZLUEA2SAYTJORZQUCLYN5ZCA4RYFRZDQCJ3EBRW65LOOQQHK4BA
NRQXIZLSEB3WQZLOEBRWQYLSMFRXIZLSEBUXGIBQGAQCQZLOMQQG6ZRANFXHA5LUFEFAS3LPOYQH
EMJQFQ3QSOZAON2GC3TEMFZGIIDMMVXGO5DIEB2G6IDSMVQWIIBQFU3SAKBYEBRHS5DFOMUQUCLN
N53CAY3MFQZTKCJ3EBZXIYLSOQQG6ZRAMZUXE43UEA2SAYTJORZSAKDTNBUWM5DJNZTSSCQJBIEW
233WEBQWYLDCPF2GKIC3IJ2WMZS5BE5SAZLWMVZHSIDTMNSW4YLSNFXSA3TFMVSHGIDBOQQGYZLB
ON2CA33OMUQGE6LUMUQHEZLBMQFAS2LOMMQHE43JBIFDWICENFTGMZLSMVXHIIDDMFZWK4ZAORUG
C5BAMNQW4IDPMNRXK4RAMF2CA5DIMUQGK3TEBI5SAZLJORUGK4RAGEWDELBTEBXXEIBUEBRHS5DF
OMQG6ZRAPJSXE33TEBRWC3RAN5RWG5LSEAUDKID2MVZG64ZAO5XXK3DEEBWWKYLOEBXG6IDCOVTG
MZLSEBWGKZTUFEFASY3NOAQHEYTQFQYQSOZAMJ2WMZTFOIQGYZLOM52GQIDJOMQDCCQJNJSSAWTF
OJXTICQJMNWXAIDSMJYCYMQJHMQGE5LGMZSXEIDMMVXGO5DIEBUXGIBSBIEWUZJALJSXE3ZTBIEW
G3LQEBZGE4BMGMETWIDCOVTGMZLSEBWGK3THORUCA2LTEAZQUCLKMUQFUZLSN4ZAUCLDNVYCA4TC
OAWDICJ3EBRHKZTGMVZCA3DFNZTXI2BANFZSANAKBFVGKIC2MVZG6MIKBFVG24BAI5SXIYTVMZTA
SOZAMJ2WMZTFOIQGYZLOM52GQIDJOMQDKIBNHYQHG5DBNZSGC4TEEBRWC43FBIFFUZLSN42DUCIJ
BE5SA3DFNZTXI2BAGEFAS43INQQHEYLYFQZTECJ3EBZWQ2LGOQQHEZLTOQQC2PRAMFWGYIBQBIEW
233WEBZDQLBSBE5SAMJAMJ4XIZJANFXHA5LUEBXGKZLEOMQDE6BVEBRGS5DTEB2G6IDDN53GK4RA
NF2AUCLKNVYCAU3LNFYE22LEBIEQSCS2MVZG6MZ2BEEQSOZANRSW4Z3UNAQDECQJONUGYIDSMF4C
YOAJHMQHG2DJMZ2CAYLOMQQHEZLBMQQG63TFEBWW64TFEBRHS5DFBIEW233WEBQWYLBAMJ4XIZJA
LNBHKZTGFNZHG2K5BIEXG2DMEBZGC6BMGI2ASOZAOJSXG5BAFU7CAYLMNQQDACQJNVXXMIDSHAWD
ICJ3EAZCAYTZORSXGIDJNZYHK5BANZSWKZBAGR4DKIDCNF2HGIDUN4QGG33WMVZCA2LUBIEWU3LQ
EBJWW2LQJVUWICQJBJNGK4TPGI5ASCIJHMQGYZLOM52GQIBTBIEXG2DMEBZGC6BMHAETWIDSMVQW
IIDPNZSSA3LPOJSSAYTZORSQUCLNN53CAYLMFRRHS5DFEBNUE5LGMYVXE43JLUFAS2LOMMQHE43J
BEETWIDJNZRXEZLBONSSA43POVZGGZJAN5TGM43FOQFASY3NOAQHE43JFQZQSOZAOJSWCZBAMFXG
65DIMVZCAYTZORSSA2LGEBZHG2JANFZSA3TPOQQDGCQJNJRCAWTFOJXTECQJONUGYIDSMF4CYMJW
BE5SA4TFON2CALJ6EBQWY3BAGAFAS3LPOYQHEOBMGUETWIBTEBRHS5DFOMQGS3TQOV2CA3TFMVSC
ANLYGUQGE2LUOMQHI3ZAMNXXMZLSEBUXICQJNJWXAICTNNUXATLJMQFASCS2MVZG6MJ2BEEQSOZA
NRSW4Z3UNAQDICQJONUGYIDSMF4CYOAJHMQHEZLBMQQG63TFEBWW64TFEBRHS5DFBIEW233WEBQW
YLDCPF2GKIC3IJ2WMZRLOJZWSXIKBFUW4YZAOJZWSCIJHMQGS3TDOJSWC43FEBZW65LSMNSSA33G
MZZWK5AKBFRW24BAOJZWSLBUBE5SA4TFMFSCAYLON52GQZLSEBRHS5DFEBUWMIDSONUSA2LTEBXG
65BAGQFAS2TCEBNGK4TPGEFAS43INQQHEYLYFQ4ASOZANRQXG5BAMJ4XIZJANFZSAYLMNQQDACQJ
NVXXMIDSHAWDOCJ3EA2CAYTZORSXGIDJNZYHK5BANZSWKZBAG54DKIDCNF2HGIDUN4QGG33WMVZC
A2LUBIEWU3LQEBJWW2LQJVUWICQJBI5SAU3UMFXGIYLSMQQHGY3FNZQXE2LPEB3WQZLOEBRHKZTG
MVZCA2LTEA2SAYTZORSXGIDMN5XGOCSHMV2GE5LGMY5AUCLTNBWCA4TBPAWDQCIJHMQHG2DJMZ2C
A5DPEB2GQZJANZSXQ5BAHAQGE2LUBIEW233WEBQWYLDCPF2GKIC3IJ2WMZRLOJZWSXIJHMQGY33B
MQQDIMBAMJUXI4ZAN5TCAZDBORQSA2LOEBZGC6BAMFTWC2LOBIEWS3TDEBZHG2IJBEETWIDJNZRX
EZLBONSSA33GMZZWK5BAMZZG63JAMJ2WMZTFOIFASY3NOAQHE43JFQ2QSCJ3EBSGK5DFMN2CA2LG
EBQWY3BAGUQGE6LUMVZSAYLSMUQGS3RAN5ZCA3TPOQFAS2TCEBDWK5DCOVTGMCQKKNVWS4CNNFSD
UCQJNVXXMIDSMR4CY4TBPAETWIDLMVSXAIDBEBRGCY3LOVYCA33GEB2GQZJAOJSWCZBAMJ2WMZTF
OIQCQY3PNZ2GC2LOOMQDIMBAMJUXI4ZJBIEW233WEBZGE6BMEAYHQMKGBE5SA43FOQQDKIDCNF2C
A3LBONVSAMBQGAYSAMJRGEYQUCLYN5ZCA4TENEWHEZDJBIFDWICTORXXEZJAORUGKIDJNZ2CA5TB
NR2WKIDPMYQHI2DFEA2SA4DBNFZCAYTJORZSA2LOEBJGK43VNR2AUU3UN5ZGKYTJORZTUCQJNVXX
MIDSMF4CY4TEPAETWIDHMV2CA5DIMUQHEZLBMQQGE5LGMZSXEIDGN5ZCA53POJVWS3THBIEXG2DS
EBZGC6BMMNWASOZAONUGSZTUEB2G6IDHMV2CANJAMJUXI4ZMEBRWYLJVEBSXMZLSPEQGY33POAFA
SYLOMQQHEYLYFRZGE6AJHMQG2YLTNMQHO2LUNAQDAMBQGEQDCMJRGEQHI3ZANNUWY3BANBUWO2BA
MJUXI4ZMEBXW43DZEB3WC3TUEA2QUCR3EBCXC5LJOYQGY33HNFRSAZTPOIQGK3TEEBXWMIDCOVTG
MZLSBIEWG3LQEBZGE4BMGQETWIDJMYQHEZLBMQQGE5LGMZSXEIDMMVXGO5DIEBUXGIBUEBXXEIDM
MVZXGCQJNJQSAQ3PNZ2AUCLDNVYCA4TENEWHEOAJHMQGC3TEEBSGK43UNFXGC5DJN5XCA2LOMRSX
QIDBMJXXMZJAORUGKIDTORXXEZLEEBXHK3LCMVZCA33GEA2WE2LUEBYGC2LSOMFAS2TCEBBW63TU
BIEW233WEBQWYLBQPAZDACJ3EB2GQZLOEBTGS3DMEB2GQZJAGAQHO2LUNAQHI2DFEB3GC3DVMUQD
A6BSGAQHI2DBOQQHI4TBNZZWYYLUMVZSA3DBORSXEIDUN4QD2CQKINXW45B2BIEW233WEBRHS5DF
EBNVEZLTOVWHIK3SMRUV2LDBNQ5SA43UN5ZGKIDJNYQFEZLTOVWHIIBIOJSGSIDJOMQG6ZTGONSX
ILBAFMYSAZLBMNUCA3DPN5YCSCQJNFXGGIDSMRUQSCIJHMQG6ZTGONSXIIDUN4QHG5DPOJSSAUTF
ON2WY5AKBFZXKYRAMNWCYNIJBE5SA4DPONUXI2LPNYQG6ZRANZSXQ5BAGUQGE2LUEBTXE33VOAQG
S4ZAGUQGYZLTOMFASY3NOAQHEZDJFRZDCMAJBE5SAYLGORSXEIBYEBRHS5DFOMQHOZJAMFZGKIDE
N5XGKCQJNJXGCICTORXXEZLCNF2HGCIJHMQGY33POAQGSZRANZXXIIDBMJXXMZJAG4FASCQJPBXX
EIDSONUSY4TTNEEQSOZAMNWGKYLSEBZHG2IKBF4G64RAOJSGSLDSMRUQSCJ3EBQW4ZBAOJSGSCQK
KRZGC3TTNRQXIZJ2BIEXQ33SEBZGE6BMOJRHQCIJHMQGG3DFMFZCA4TCPAQGC3TEEBZGG6AKBF4G
64RAOJRXQLDSMN4ASCJ3EB2XGZLEEBTG64RAORSW24BAON2G64TBM5SQUCIKBFWW65RAMJWCYIDC
PF2GKIC3KJSXG5LMOQVXE43JLUETWIDHMV2CA5DIMUQGM2LSON2CA3TVNVRGK4RAMZZG63JAKJSX
G5LMOQQGS3RAMJWAUCLNN53CAY3MFQQGE6LUMUQFWVDBMJWGKK3SMJ4F2CJ3EB2HEYLOONWGC5DF
EB2GQZJAMZUXE43UEBXHK3LCMVZCAZTSN5WSAVDBMJWGKIDJNZ2G6IDDNQFASCR3EBWG6Z3JMMQG
M33SEBYHE2LOORUW4ZZANZSXO3DJNZSQUCLDNVYCA4RZFQ3TMCQJNJXGKICON5XGYCJ3EBUW443F
OJ2CA3TFO5WGS3TFEB3WQZLOEA3TM5DIEBRWQYLSMFRXIZLSBIEW233WEBRHS5DFEBNVEZLTHEVX
EZDJLUWDA6BQIEFAS2LOMMQHEZDJBEETWIDBNRZW6IDJNZRXEZLBONSSAUTFON2WY5BAN5TGM43F
OQFAS6DPOIQHEOJMOI4QSOZAMFXGIIDSMVZWK5BANZSXO3DJNZSSAY3POVXHIZLSBIEW233WEBZD
CMBMHAETWIDUN4QHEZLBMQQHI2DFEBRW64TSMVRXIIDBNVXXK3TUEBXWMIDDNBQXEYLDORSXE4YK
BJHG63TMHIEQSCJ3EBVHK3LQEBUGK4TFEB3WQZLOEBXG6IDOMV3WY2LOMUQGQYLTEB2G6IDCMUQH
GZLUBIEWG3LQEBZDCMBMG4FAS2TOMUQFEZLTJ52GQZLSBE5SA53IMVXCAUTFON2WY5BANRSW4Z3U
NAQGS4ZAHEQGM2LMNQQFEZLTHEFAS3LPOYQGE6LUMUQFWUTFON2WY5BLOJSGSXJMMNWASOZAOB2X
IIDDNQQHI3ZAKJSXG5LMOQFASCSSMVZU65DIMVZDUCQJNVXXMIDCPF2GKIC3KJSXGOJLOJSGSXJM
MNWASOZAOB2XIIDDNQQHI3ZAKJSXG5LMOQFAS2LOMMQHEOIJBEETWIDJNZRXEZLBONSSAY3IMFZG
CY3UMVZCAY3POVXHIZLSEBTG64RANZSXO3DJNZSQUCLJNZRSA4TTNEEQSCJ3EBUW4Y3SMVQXGZJA
OJZWSIDGN5ZCA3TFPB2CAUTFON2WY5BAOZQWY5LFBIEWS3TDEBZGI2IJBEETWIDTMFWWKIDGN5ZC
AUTFON2WY5AKBFRW24BAOJSGSLDSGEYASCJ3EBZWC3LFEBQXGIDBMJXXMZJMEBSXQYLDORWHSIBY
EBZG65LOMRZSA3TFMVSGKZAKBFVG4YJAKRZGC3TTNRQXIZIJBE5SA3DPN5YCA2LGEBXG65BAPFSX
IIDDN5WXA3DFORSWICQKHMQHA4TJNZ2CA33VOQQHI2DFEBZGK43VNR2AUCLDNVYCA4RRGAWDQCIJ
HMQHO2DFNYQDONTUNAQGG2DBOJQWG5DFOIQHOYLTEBZGKYLDNBSWIIDEN4QHI2DJOMFAS2TOMUQE
433SNUEQSOZAMVWHGZJANJ2W24BAORXSA43UMFXGIYLSMQQDQIDCPF2GKIDQOJUW45AKBFWW65RA
OJQXQLCSMVZTSCIJHMQHO2DFOJSSA5DPEBZGKYLEBIEW233WEBZGE6BMKJCVGTCFJY4QSCJ3EBUG
65ZANRXW4ZZAORXSA4TFMFSAUCLDMFWGYICQOJUW45CTORZGS3THBE5SAY3BNRWCAUDSNFXHIU3U
OJUW4ZYKBFVG24BAKJSWCZAJBE5SAZ3PEBRGCY3LEB2G6IDSMVQWIIDUNBSSAYTVMZTGK4QKBI5S
AU3UMFXGIYLSMQQGGYLTMUQHO2DFNYQFEZLTOVWHIIDJOMQDQIDCPF2GK4ZANRXW4ZYKJZXXE3J2
BIEW233WEBZGC6BMKJSXG5LMOQEQSOZAO5UGK4TFEB2G6IDSMVQWICQJNVXXMIDSMJ4CYUSFKNGE
KTQJBE5SA2DPO4QGY33OM4QHI3ZAOJSWCZAKBFRWC3DMEBIHE2LOORJXI4TJNZTQSOZAMNQWY3BA
KBZGS3TUKN2HE2LOM4FAS2TNOAQFEZLBMQEQSOZAM5XSAYTBMNVSA5DPEBZGKYLEEB2GQZJAMJ2W
MZTFOIFAUOZAIV4GS5AKIRXW4ZJ2BIEW233WEBZGC6BMGEETWICDN5SGKIDGN5ZCARLYNF2CAU3Z
ONRWC3DMBIEW233WEBZGE6BMGAETWICSMV2HK4TOEBQSAY3PMRSSA33GEB5GK4TPBEFAS2LOOQQD
A6BYGAETWICNMFVWKIDLMVZG4ZLMEBRWC3DMBIFFA4TJNZ2FG5DSNFXGOOQKBE5SASLOOB2XIOQK
BE5SAIDSMF4CALJ6EBQWIZDSMVZXGIDUN4QHA4TJNZ2CA33VOQFASOZAEBZGE6BAFU7CA3DFNZTX
I2BAN5TCAYLEMRZGK43TEB2G6IDQOJUW45AKBE5SAT3VORYHK5B2BIETWIBAKBZGS3TUOMQGKYLY
EB2G6IDDN5XHG33MMUFASCQJOB2XG2BAOJRXQCJ3EBZXI33SMUQHEY3YEBQW4ZBAOJSHQIDUN4QH
G5DBMNVQUCLQOVZWQIDSMR4AUCIKBFWW65RAOJRXQLDSMF4ASOZANFXHA5LUEB2G6IDDN5ZHEZLD
OQQHEZLHNFZXIZLSBIEW233WEBZGI6BMOJRHQCJ3EBWGK3THNB2CA5DPEBRW64TSMVRXIIDSMVTW
S43UMVZAUCIKBFWW65RAOJQXQLBUBE5SAU3QMVRWSZTZEBZXS427O5ZGS5DFEBRWC3DMBIEW233W
EBZGE6BMGEETWICTOBSWG2LGPEQEM2LMMUQEIZLTMNZGS4DUN5ZCAMJ2EBJXIYLOMRQXEZBAN52X
I4DVOQFAS2LOOQQDA6BYGAETWICNMFVWKIDLMVZG4ZLMEBRWC3DMEB2G6IDENFZXA3DBPEQGY2LO
MUQHG5DSNFXGOCQJBIEXA33QEBZGI6AJBE5SAZ3FOQQG63DEEB3GC3DVMVZSAYTBMNVSAZTSN5WS
A43UMFRWWCQJOBXXAIDSMN4ASCJ3EBXXEZDFOIQGS4ZANFWXA33SORQW45BBEAYSYMRAGIWDCCQJ
BIEXEZLUBE5SAZLOMQQG6ZRAKBZGS3TUKN2HE2LOM4FAUUTFMFSEE5LGMY5AUCJ3EBEW44DVOQ5A
UCJ3EAQHEYLYEAWT4IDXNBSXEZJAORXSA4TFMFSAUCJ3EAQHEYTYEAWT4IDOOVWWEZLSEBXWMIDD
NBQXEYLDORSXE4ZAORXSA4TFMFSAUCJ3EBHXK5DQOV2DUCQJHMQCA4TBPAQC2PRANZ2W2YTFOIQG
6ZRAOJSWCZBANFXHA5LUBIFAS3LPOYQHEY3YFRZGC6AJHMQGS3TQOV2CA5DPEBRW64TSMVRXIIDS
MVTWS43UMVZAUCLNN53CA4TEPAWHEYTYBE5SA3DFNZTXI2BAORXSAY3POJZGKY3UEBZGKZ3JON2G
K4QKBIEW233WEBZGC6BMGMETWICTOBSWG2LGPEQHG6LTL5ZGKYLEEBRWC3DMBIEW233WEBZGE6BM
GAETWICTOBSWG2LGPEQEM2LMMUQEIZLTMNZGS4DUN5ZCAMB2EBJXIYLOMRQXEZBAJFXHA5LUBIEW
S3TUEAYHQOBQBE5SAQ3BNRWCA43ZONPXEZLBMQQHI3ZAMZUWY3BAORUGKIDCOVTGMZLSBIFAS4TF
OQETWIDFNZSCA33GEBJGKYLEIJ2WMZQK