  845 systemd        	 7504
  848 (sd-pam)       	 2052
  875 gnome-keyring-d	 6360
  876 gmain          	 6360
  877 gdbus          	 6360
  879 gdm-x-session  	 6192
  880 gmain          	 6192
  881 Xorg           	190548
  916 llvmpipe-0     	190548
  917 llvmpipe-1     	190548
  988 InputThread    	190548
  989 dbus-daemon    	 5828
  996 gdbus          	 6192
 1001 gnome-session-b	14952
 1354 ssh-agent      	  320
 1355 gmain          	14952
 1356 gdbus          	14952
 1357 gvfsd          	 7156
 1360 gmain          	 7156
 1361 gdbus          	 7156
 1364 gvfsd-fuse     	 8024
 1367 gvfsd-fuse     	 8024
 1370 gvfsd-fuse     	 8024
 1371 gmain          	 8024
 1372 gdbus          	 8024
 1373 gvfs-fuse-sub  	 8024
 1376 at-spi-bus-laun	 8352
 1377 gmain          	 8352
 1378 gdbus          	 8352
 1379 dconf          	 8352
 1381 dbus-daemon    	 3424
 1384 at-spi2-registr	 5896
 1385 gmain          	 5896
 1386 gdbus          	 5896
 1394 dconf          	14952
 1404 timer          	 6360
 1406 gnome-shell    	237348
 1408 gmain          	237348
 1410 gdbus          	237348
 1411 dconf          	237348
 1413 llvmpipe-0     	237348
 1414 llvmpipe-1     	237348
 1415 threaded-ml    	237348
 1416 pulseaudio     	15440
 1432 alsa-sink-Intel	15440
 1433 alsa-source-Int	15440
 1434 snapd-glib     	15440
 1435 JS             	237348
 1436 JS             	237348
 1438 ibus-daemon    	10092
 1439 gmain          	10092
 1440 gdbus          	10092
 1442 ibus-dconf     	 8692
 1443 xdg-permission-	 4728
 1444 ibus-extension-	25048
 1445 gmain          	 8692
 1446 gmain          	 4728
 1448 gdbus          	 8692
 1449 gdbus          	 4728
 1451 ibus-x11       	21544
 1452 gmain          	25048
 1453 gdbus          	25048
 1456 ibus-portal    	 8828
 1458 dconf          	 8692
 1459 gmain          	 8828
 1460 gdbus          	 8828
 1462 gmain          	21544
 1463 gdbus          	21544
 1465 gnome-shell-cal	18380
 1466 dconf          	25048
 1467 gmain          	18380
 1469 gdbus          	18380
 1470 evolution-sourc	22380
 1471 gmain          	22380
 1472 gdbus          	22380
 1473 dconf          	22380
 1478 goa-daemon     	29032
 1479 dconf          	18380
 1480 gnome-shell-cal	18380
 1481 gmain          	29032
 1483 gdbus          	29032
 1484 dconf          	29032
 1488 goa-identity-se	 9108
 1496 gmain          	 9108
 1503 pool           	 9108
 1504 gdbus          	 9108
 1547 gvfs-udisks2-vo	10232
 1550 gmain          	10232
 1552 gdbus          	10232
 1554 gvfs-afc-volume	 5712
 1555 gvfs-afc-volume	 5712
 1556 gmain          	 5712
 1558 gdbus          	 5712
 1563 gvfs-mtp-volume	 6000
 1566 gmain          	 6000
 1568 gdbus          	 6000
 1570 gvfs-gphoto2-vo	 6600
 1573 gmain          	 6600
 1575 gdbus          	 6600
 1577 gvfs-goa-volume	 5924
 1578 gmain          	 5924
 1579 gdbus          	 5924
 1588 gsd-power      	22896
 1589 gsd-print-notif	 7808
 1591 gsd-rfkill     	 5744
 1592 gsd-screensaver	 5612
 1593 gmain          	 7808
 1594 gsd-sharing    	 9744
 1595 gmain          	 5744
 1596 gmain          	 5612
 1597 gsd-smartcard  	11692
 1598 gdbus          	 5744
 1599 gdbus          	 7808
 1602 gdbus          	 5612
 1603 gmain          	11692
 1604 gsd-xsettings  	23024
 1605 gmain          	 9744
 1606 gdbus          	11692
 1610 gdbus          	 9744
 1612 dconf          	 9744
 1613 gmain          	22896
 1615 gdbus          	22896
 1616 gsd-sound      	10180
 1618 gsd-wacom      	22392
 1620 gmain          	10180
 1621 gsd-a11y-settin	 8568
 1622 gmain          	23024
 1623 gdbus          	23024
 1626 gsd-clipboard  	21376
 1627 gdbus          	10180
 1628 gsd-color      	24448
 1631 gsd-datetime   	13240
 1632 gsd-housekeepin	 9032
 1633 gmain          	 8568
 1634 gdbus          	 8568
 1635 gmain          	22392
 1636 gdbus          	22392
 1637 gsd-keyboard   	20896
 1638 gsd-media-keys 	23504
 1639 gmain          	 9032
 1641 gsd-mouse      	 8612
 1642 gdbus          	 9032
 1645 gmain          	13240
 1646 gdbus          	13240
 1647 gmain          	 8612
 1654 gmain          	2